[INFO] Scanning for projects...
[INFO] ------------------------------------------------------------------------
[INFO] Reactor Build Order:
[INFO] 
[INFO] Fabric8 Maven :: Parent
[INFO] Fabric8 Maven :: Core
[INFO] Fabric8 Maven :: Enricher :: API
[INFO] Fabric8 Maven :: Enricher :: Standard
[INFO] Fabric8 Maven :: Enricher :: Fabric8
[INFO] Fabric8 Maven :: Generator :: API
[INFO] Fabric8 Maven :: Generator :: Java Exec
[INFO] Fabric8 Maven :: Generator :: Spring Boot
[INFO] Fabric8 Maven :: Generator :: Vert.x
[INFO] Fabric8 Maven :: Generator :: Karaf
[INFO] Fabric8 Maven :: Generator :: WildFly Swarm
[INFO] Fabric8 Maven :: Generator :: WebApp
[INFO] Fabric8 Maven :: Watcher :: API
[INFO] Fabric8 Maven :: Watcher :: Standard
[INFO] Fabric8 Maven :: Plugin
[INFO] Fabric8 Maven :: Integration Tests
[INFO] Fabric8 Maven :: Regression Test
[INFO] Fabric8 Maven :: Build
[WARNING] Failed to retrieve plugin descriptor for io.fabric8:fabric8-maven-plugin:3.5-SNAPSHOT: Plugin io.fabric8:fabric8-maven-plugin:3.5-SNAPSHOT or one of its dependencies could not be resolved: Failure to find io.fabric8:fabric8-maven-plugin:jar:3.5-SNAPSHOT in https://repository.jboss.org/nexus/content/groups/ea/ was cached in the local repository, resolution will not be reattempted until the update interval of repository.jboss.org has elapsed or updates are forced
[INFO] 
[INFO] ------------------------------------------------------------------------
[INFO] Building Fabric8 Maven :: Parent 3.5-SNAPSHOT
[INFO] ------------------------------------------------------------------------
[WARNING] Failed to retrieve plugin descriptor for io.fabric8:fabric8-maven-plugin:3.5-SNAPSHOT: Plugin io.fabric8:fabric8-maven-plugin:3.5-SNAPSHOT or one of its dependencies could not be resolved: Failure to find io.fabric8:fabric8-maven-plugin:jar:3.5-SNAPSHOT in https://repository.jboss.org/nexus/content/groups/ea/ was cached in the local repository, resolution will not be reattempted until the update interval of repository.jboss.org has elapsed or updates are forced
[INFO] 
[INFO] --- license-maven-plugin:2.11:check (default-cli) @ fabric8-maven-parent ---
[INFO] Checking licenses...
[INFO] 
[INFO] ------------------------------------------------------------------------
[INFO] Building Fabric8 Maven :: Core 3.5-SNAPSHOT
[INFO] ------------------------------------------------------------------------
[WARNING] Failed to retrieve plugin descriptor for io.fabric8:fabric8-maven-plugin:3.5-SNAPSHOT: Plugin io.fabric8:fabric8-maven-plugin:3.5-SNAPSHOT or one of its dependencies could not be resolved: Failure to find io.fabric8:fabric8-maven-plugin:jar:3.5-SNAPSHOT in https://repository.jboss.org/nexus/content/groups/ea/ was cached in the local repository, resolution will not be reattempted until the update interval of repository.jboss.org has elapsed or updates are forced
[INFO] 
[INFO] --- license-maven-plugin:2.11:check (default-cli) @ fabric8-maven-core ---
[INFO] Checking licenses...
[WARNING] Unknown file extension: C:/dev/fabric8io/fabric8-maven-plugin/core/src/test/resources/service/error-services
[WARNING] Unknown file extension: C:/dev/fabric8io/fabric8-maven-plugin/core/src/test/resources/service/test-services
[WARNING] Unknown file extension: C:/dev/fabric8io/fabric8-maven-plugin/core/src/test/resources/service/test-services-default
[WARNING] Unable to find a comment style definition for some files. You may want to add a custom mapping for the relevant file extensions.
[INFO] 
[INFO] ------------------------------------------------------------------------
[INFO] Building Fabric8 Maven :: Enricher :: API 3.5-SNAPSHOT
[INFO] ------------------------------------------------------------------------
[WARNING] Failed to retrieve plugin descriptor for io.fabric8:fabric8-maven-plugin:3.5-SNAPSHOT: Plugin io.fabric8:fabric8-maven-plugin:3.5-SNAPSHOT or one of its dependencies could not be resolved: Failure to find io.fabric8:fabric8-maven-plugin:jar:3.5-SNAPSHOT in https://repository.jboss.org/nexus/content/groups/ea/ was cached in the local repository, resolution will not be reattempted until the update interval of repository.jboss.org has elapsed or updates are forced
[INFO] 
[INFO] --- license-maven-plugin:2.11:check (default-cli) @ fabric8-maven-enricher-api ---
[INFO] Checking licenses...
[INFO] 
[INFO] ------------------------------------------------------------------------
[INFO] Building Fabric8 Maven :: Enricher :: Standard 3.5-SNAPSHOT
[INFO] ------------------------------------------------------------------------
[WARNING] Failed to retrieve plugin descriptor for io.fabric8:fabric8-maven-plugin:3.5-SNAPSHOT: Plugin io.fabric8:fabric8-maven-plugin:3.5-SNAPSHOT or one of its dependencies could not be resolved: Failure to find io.fabric8:fabric8-maven-plugin:jar:3.5-SNAPSHOT in https://repository.jboss.org/nexus/content/groups/ea/ was cached in the local repository, resolution will not be reattempted until the update interval of repository.jboss.org has elapsed or updates are forced
[INFO] 
[INFO] --- license-maven-plugin:2.11:check (default-cli) @ fabric8-maven-enricher-standard ---
[INFO] Checking licenses...
[WARNING] Unknown file extension: C:/dev/fabric8io/fabric8-maven-plugin/enricher/standard/src/main/resources/META-INF/fabric8/enricher-default
[WARNING] Unable to find a comment style definition for some files. You may want to add a custom mapping for the relevant file extensions.
[INFO] 
[INFO] ------------------------------------------------------------------------
[INFO] Building Fabric8 Maven :: Enricher :: Fabric8 3.5-SNAPSHOT
[INFO] ------------------------------------------------------------------------
[WARNING] Failed to retrieve plugin descriptor for io.fabric8:fabric8-maven-plugin:3.5-SNAPSHOT: Plugin io.fabric8:fabric8-maven-plugin:3.5-SNAPSHOT or one of its dependencies could not be resolved: Failure to find io.fabric8:fabric8-maven-plugin:jar:3.5-SNAPSHOT in https://repository.jboss.org/nexus/content/groups/ea/ was cached in the local repository, resolution will not be reattempted until the update interval of repository.jboss.org has elapsed or updates are forced
[INFO] 
[INFO] --- license-maven-plugin:2.11:check (default-cli) @ fabric8-maven-enricher-fabric8 ---
[INFO] Checking licenses...
[WARNING] Unknown file extension: C:/dev/fabric8io/fabric8-maven-plugin/enricher/fabric8/src/main/resources/META-INF/fabric8/enricher-default
[WARNING] Unable to find a comment style definition for some files. You may want to add a custom mapping for the relevant file extensions.
[INFO] 
[INFO] ------------------------------------------------------------------------
[INFO] Building Fabric8 Maven :: Generator :: API 3.5-SNAPSHOT
[INFO] ------------------------------------------------------------------------
[WARNING] Failed to retrieve plugin descriptor for io.fabric8:fabric8-maven-plugin:3.5-SNAPSHOT: Plugin io.fabric8:fabric8-maven-plugin:3.5-SNAPSHOT or one of its dependencies could not be resolved: Failure to find io.fabric8:fabric8-maven-plugin:jar:3.5-SNAPSHOT in https://repository.jboss.org/nexus/content/groups/ea/ was cached in the local repository, resolution will not be reattempted until the update interval of repository.jboss.org has elapsed or updates are forced
[INFO] 
[INFO] --- license-maven-plugin:2.11:check (default-cli) @ fabric8-maven-generator-api ---
[INFO] Checking licenses...
[INFO] 
[INFO] ------------------------------------------------------------------------
[INFO] Building Fabric8 Maven :: Generator :: Java Exec 3.5-SNAPSHOT
[INFO] ------------------------------------------------------------------------
[WARNING] Failed to retrieve plugin descriptor for io.fabric8:fabric8-maven-plugin:3.5-SNAPSHOT: Plugin io.fabric8:fabric8-maven-plugin:3.5-SNAPSHOT or one of its dependencies could not be resolved: Failure to find io.fabric8:fabric8-maven-plugin:jar:3.5-SNAPSHOT in https://repository.jboss.org/nexus/content/groups/ea/ was cached in the local repository, resolution will not be reattempted until the update interval of repository.jboss.org has elapsed or updates are forced
[INFO] 
[INFO] --- license-maven-plugin:2.11:check (default-cli) @ fabric8-maven-generator-java-exec ---
[INFO] Checking licenses...
[WARNING] Unknown file extension: C:/dev/fabric8io/fabric8-maven-plugin/generator/java-exec/src/main/resources/META-INF/fabric8/generator-default
[WARNING] Unable to find a comment style definition for some files. You may want to add a custom mapping for the relevant file extensions.
[INFO] 
[INFO] ------------------------------------------------------------------------
[INFO] Building Fabric8 Maven :: Generator :: Spring Boot 3.5-SNAPSHOT
[INFO] ------------------------------------------------------------------------
[WARNING] Failed to retrieve plugin descriptor for io.fabric8:fabric8-maven-plugin:3.5-SNAPSHOT: Plugin io.fabric8:fabric8-maven-plugin:3.5-SNAPSHOT or one of its dependencies could not be resolved: Failure to find io.fabric8:fabric8-maven-plugin:jar:3.5-SNAPSHOT in https://repository.jboss.org/nexus/content/groups/ea/ was cached in the local repository, resolution will not be reattempted until the update interval of repository.jboss.org has elapsed or updates are forced
[INFO] 
[INFO] --- license-maven-plugin:2.11:check (default-cli) @ fabric8-maven-generator-spring-boot ---
[INFO] Checking licenses...
[WARNING] Unknown file extension: C:/dev/fabric8io/fabric8-maven-plugin/generator/spring-boot/src/main/resources/META-INF/fabric8/generator-default
[WARNING] Unable to find a comment style definition for some files. You may want to add a custom mapping for the relevant file extensions.
[INFO] 
[INFO] ------------------------------------------------------------------------
[INFO] Building Fabric8 Maven :: Generator :: Vert.x 3.5-SNAPSHOT
[INFO] ------------------------------------------------------------------------
[WARNING] Failed to retrieve plugin descriptor for io.fabric8:fabric8-maven-plugin:3.5-SNAPSHOT: Plugin io.fabric8:fabric8-maven-plugin:3.5-SNAPSHOT or one of its dependencies could not be resolved: Failure to find io.fabric8:fabric8-maven-plugin:jar:3.5-SNAPSHOT in https://repository.jboss.org/nexus/content/groups/ea/ was cached in the local repository, resolution will not be reattempted until the update interval of repository.jboss.org has elapsed or updates are forced
[INFO] 
[INFO] --- license-maven-plugin:2.11:check (default-cli) @ fabric8-maven-generator-vertx ---
[INFO] Checking licenses...
[WARNING] Unknown file extension: C:/dev/fabric8io/fabric8-maven-plugin/generator/vertx/src/main/resources/META-INF/fabric8/generator-default
[WARNING] Unable to find a comment style definition for some files. You may want to add a custom mapping for the relevant file extensions.
[INFO] 
[INFO] ------------------------------------------------------------------------
[INFO] Building Fabric8 Maven :: Generator :: Karaf 3.5-SNAPSHOT
[INFO] ------------------------------------------------------------------------
[WARNING] Failed to retrieve plugin descriptor for io.fabric8:fabric8-maven-plugin:3.5-SNAPSHOT: Plugin io.fabric8:fabric8-maven-plugin:3.5-SNAPSHOT or one of its dependencies could not be resolved: Failure to find io.fabric8:fabric8-maven-plugin:jar:3.5-SNAPSHOT in https://repository.jboss.org/nexus/content/groups/ea/ was cached in the local repository, resolution will not be reattempted until the update interval of repository.jboss.org has elapsed or updates are forced
[INFO] 
[INFO] --- license-maven-plugin:2.11:check (default-cli) @ fabric8-maven-generator-karaf ---
[INFO] Checking licenses...
[WARNING] Unknown file extension: C:/dev/fabric8io/fabric8-maven-plugin/generator/karaf/src/main/resources/META-INF/fabric8/generator-default
[WARNING] Unable to find a comment style definition for some files. You may want to add a custom mapping for the relevant file extensions.
[INFO] 
[INFO] ------------------------------------------------------------------------
[INFO] Building Fabric8 Maven :: Generator :: WildFly Swarm 3.5-SNAPSHOT
[INFO] ------------------------------------------------------------------------
[WARNING] Failed to retrieve plugin descriptor for io.fabric8:fabric8-maven-plugin:3.5-SNAPSHOT: Plugin io.fabric8:fabric8-maven-plugin:3.5-SNAPSHOT or one of its dependencies could not be resolved: Failure to find io.fabric8:fabric8-maven-plugin:jar:3.5-SNAPSHOT in https://repository.jboss.org/nexus/content/groups/ea/ was cached in the local repository, resolution will not be reattempted until the update interval of repository.jboss.org has elapsed or updates are forced
[INFO] 
[INFO] --- license-maven-plugin:2.11:check (default-cli) @ fabric8-maven-generator-wildfly-swarm ---
[INFO] Checking licenses...
[WARNING] Unknown file extension: C:/dev/fabric8io/fabric8-maven-plugin/generator/wildfly-swarm/src/main/resources/META-INF/fabric8/generator-default
[WARNING] Unable to find a comment style definition for some files. You may want to add a custom mapping for the relevant file extensions.
[INFO] 
[INFO] ------------------------------------------------------------------------
[INFO] Building Fabric8 Maven :: Generator :: WebApp 3.5-SNAPSHOT
[INFO] ------------------------------------------------------------------------
[WARNING] Failed to retrieve plugin descriptor for io.fabric8:fabric8-maven-plugin:3.5-SNAPSHOT: Plugin io.fabric8:fabric8-maven-plugin:3.5-SNAPSHOT or one of its dependencies could not be resolved: Failure to find io.fabric8:fabric8-maven-plugin:jar:3.5-SNAPSHOT in https://repository.jboss.org/nexus/content/groups/ea/ was cached in the local repository, resolution will not be reattempted until the update interval of repository.jboss.org has elapsed or updates are forced
[INFO] 
[INFO] --- license-maven-plugin:2.11:check (default-cli) @ fabric8-maven-generator-webapp ---
[INFO] Checking licenses...
[WARNING] Unknown file extension: C:/dev/fabric8io/fabric8-maven-plugin/generator/webapp/src/main/resources/META-INF/fabric8/generator-default
[WARNING] Unable to find a comment style definition for some files. You may want to add a custom mapping for the relevant file extensions.
[INFO] 
[INFO] ------------------------------------------------------------------------
[INFO] Building Fabric8 Maven :: Watcher :: API 3.5-SNAPSHOT
[INFO] ------------------------------------------------------------------------
[WARNING] Failed to retrieve plugin descriptor for io.fabric8:fabric8-maven-plugin:3.5-SNAPSHOT: Plugin io.fabric8:fabric8-maven-plugin:3.5-SNAPSHOT or one of its dependencies could not be resolved: Failure to find io.fabric8:fabric8-maven-plugin:jar:3.5-SNAPSHOT in https://repository.jboss.org/nexus/content/groups/ea/ was cached in the local repository, resolution will not be reattempted until the update interval of repository.jboss.org has elapsed or updates are forced
[INFO] 
[INFO] --- license-maven-plugin:2.11:check (default-cli) @ fabric8-maven-watcher-api ---
[INFO] Checking licenses...
[INFO] 
[INFO] ------------------------------------------------------------------------
[INFO] Building Fabric8 Maven :: Watcher :: Standard 3.5-SNAPSHOT
[INFO] ------------------------------------------------------------------------
[WARNING] Failed to retrieve plugin descriptor for io.fabric8:fabric8-maven-plugin:3.5-SNAPSHOT: Plugin io.fabric8:fabric8-maven-plugin:3.5-SNAPSHOT or one of its dependencies could not be resolved: Failure to find io.fabric8:fabric8-maven-plugin:jar:3.5-SNAPSHOT in https://repository.jboss.org/nexus/content/groups/ea/ was cached in the local repository, resolution will not be reattempted until the update interval of repository.jboss.org has elapsed or updates are forced
[INFO] 
[INFO] --- license-maven-plugin:2.11:check (default-cli) @ fabric8-maven-watcher-standard ---
[INFO] Checking licenses...
[WARNING] Unknown file extension: C:/dev/fabric8io/fabric8-maven-plugin/watcher/standard/src/main/resources/META-INF/fabric8/watcher-default
[WARNING] Unable to find a comment style definition for some files. You may want to add a custom mapping for the relevant file extensions.
[INFO] 
[INFO] ------------------------------------------------------------------------
[INFO] Building Fabric8 Maven :: Plugin 3.5-SNAPSHOT
[INFO] ------------------------------------------------------------------------
[WARNING] Failed to retrieve plugin descriptor for io.fabric8:fabric8-maven-plugin:3.5-SNAPSHOT: Plugin io.fabric8:fabric8-maven-plugin:3.5-SNAPSHOT or one of its dependencies could not be resolved: Failure to find io.fabric8:fabric8-maven-plugin:jar:3.5-SNAPSHOT in https://repository.jboss.org/nexus/content/groups/ea/ was cached in the local repository, resolution will not be reattempted until the update interval of repository.jboss.org has elapsed or updates are forced
[INFO] 
[INFO] --- license-maven-plugin:2.11:check (default-cli) @ fabric8-maven-plugin ---
[INFO] Checking licenses...
[INFO] 
[INFO] ------------------------------------------------------------------------
[INFO] Building Fabric8 Maven :: Integration Tests 3.5-SNAPSHOT
[INFO] ------------------------------------------------------------------------
[WARNING] Failed to retrieve plugin descriptor for io.fabric8:fabric8-maven-plugin:3.5-SNAPSHOT: Plugin io.fabric8:fabric8-maven-plugin:3.5-SNAPSHOT or one of its dependencies could not be resolved: Failure to find io.fabric8:fabric8-maven-plugin:jar:3.5-SNAPSHOT in https://repository.jboss.org/nexus/content/groups/ea/ was cached in the local repository, resolution will not be reattempted until the update interval of repository.jboss.org has elapsed or updates are forced
[INFO] 
[INFO] --- license-maven-plugin:2.11:check (default-cli) @ fabric8-maven-it ---
[INFO] Checking licenses...
[INFO] 
[INFO] ------------------------------------------------------------------------
[INFO] Building Fabric8 Maven :: Regression Test 3.5-SNAPSHOT
[INFO] ------------------------------------------------------------------------
[WARNING] Failed to retrieve plugin descriptor for io.fabric8:fabric8-maven-plugin:3.5-SNAPSHOT: Plugin io.fabric8:fabric8-maven-plugin:3.5-SNAPSHOT or one of its dependencies could not be resolved: Failure to find io.fabric8:fabric8-maven-plugin:jar:3.5-SNAPSHOT in https://repository.jboss.org/nexus/content/groups/ea/ was cached in the local repository, resolution will not be reattempted until the update interval of repository.jboss.org has elapsed or updates are forced
[INFO] 
[INFO] --- license-maven-plugin:2.11:check (default-cli) @ fabric8-maven-rt ---
[INFO] Checking licenses...
[WARNING] Unknown file extension: C:/dev/fabric8io/fabric8-maven-plugin/rt/README
[WARNING] Unable to find a comment style definition for some files. You may want to add a custom mapping for the relevant file extensions.
[INFO] 
[INFO] ------------------------------------------------------------------------
[INFO] Building Fabric8 Maven :: Build 3.5-SNAPSHOT
[INFO] ------------------------------------------------------------------------
[WARNING] Failed to retrieve plugin descriptor for io.fabric8:fabric8-maven-plugin:3.5-SNAPSHOT: Plugin io.fabric8:fabric8-maven-plugin:3.5-SNAPSHOT or one of its dependencies could not be resolved: Failure to find io.fabric8:fabric8-maven-plugin:jar:3.5-SNAPSHOT in https://repository.jboss.org/nexus/content/groups/ea/ was cached in the local repository, resolution will not be reattempted until the update interval of repository.jboss.org has elapsed or updates are forced
[INFO] 
[INFO] --- license-maven-plugin:2.11:check (default-cli) @ fabric8-maven-plugin-build ---
[INFO] Checking licenses...
[WARNING] Unknown file extension: C:/dev/fabric8io/fabric8-maven-plugin/.lgtm
[WARNING] Unknown file extension: C:/dev/fabric8io/fabric8-maven-plugin/core/src/test/resources/service/error-services
[WARNING] Unknown file extension: C:/dev/fabric8io/fabric8-maven-plugin/core/src/test/resources/service/test-services
[WARNING] Unknown file extension: C:/dev/fabric8io/fabric8-maven-plugin/core/src/test/resources/service/test-services-default
[WARNING] Unknown file extension: C:/dev/fabric8io/fabric8-maven-plugin/doc/src/main/asciidoc/inc/enricher/_fmp_service.adoc
[WARNING] Unknown file extension: C:/dev/fabric8io/fabric8-maven-plugin/doc/src/main/asciidoc/inc/generator/_api.adoc
[WARNING] Unknown file extension: C:/dev/fabric8io/fabric8-maven-plugin/doc/src/main/asciidoc/inc/generator/_java_exec.adoc
[WARNING] Unknown file extension: C:/dev/fabric8io/fabric8-maven-plugin/doc/src/main/asciidoc/inc/generator/_karaf.adoc
[WARNING] Unknown file extension: C:/dev/fabric8io/fabric8-maven-plugin/doc/src/main/asciidoc/inc/generator/_options_common.adoc
[WARNING] Unknown file extension: C:/dev/fabric8io/fabric8-maven-plugin/doc/src/main/asciidoc/inc/generator/_overview.adoc
[WARNING] Unknown file extension: C:/dev/fabric8io/fabric8-maven-plugin/doc/src/main/asciidoc/inc/generator/_spring_boot.adoc
[WARNING] Unknown file extension: C:/dev/fabric8io/fabric8-maven-plugin/doc/src/main/asciidoc/inc/generator/_vertx.adoc
[WARNING] Unknown file extension: C:/dev/fabric8io/fabric8-maven-plugin/doc/src/main/asciidoc/inc/generator/_webapp.adoc
[WARNING] Unknown file extension: C:/dev/fabric8io/fabric8-maven-plugin/doc/src/main/asciidoc/inc/generator/_wildfly_swarm.adoc
[WARNING] Unknown file extension: C:/dev/fabric8io/fabric8-maven-plugin/doc/src/main/asciidoc/inc/goals/build/_fabric8-app-catalog.adoc
[WARNING] Unknown file extension: C:/dev/fabric8io/fabric8-maven-plugin/doc/src/main/asciidoc/inc/goals/build/_fabric8-apply.adoc
[WARNING] Unknown file extension: C:/dev/fabric8io/fabric8-maven-plugin/doc/src/main/asciidoc/inc/goals/build/_fabric8-build.adoc
[WARNING] Unknown file extension: C:/dev/fabric8io/fabric8-maven-plugin/doc/src/main/asciidoc/inc/goals/build/_fabric8-distro.adoc
[WARNING] Unknown file extension: C:/dev/fabric8io/fabric8-maven-plugin/doc/src/main/asciidoc/inc/goals/build/_fabric8-helm.adoc
[WARNING] Unknown file extension: C:/dev/fabric8io/fabric8-maven-plugin/doc/src/main/asciidoc/inc/goals/build/_fabric8-push.adoc
[WARNING] Unknown file extension: C:/dev/fabric8io/fabric8-maven-plugin/doc/src/main/asciidoc/inc/goals/build/_fabric8-resource-apply.adoc
[WARNING] Unknown file extension: C:/dev/fabric8io/fabric8-maven-plugin/doc/src/main/asciidoc/inc/goals/build/_fabric8-resource.adoc
[WARNING] Unknown file extension: C:/dev/fabric8io/fabric8-maven-plugin/doc/src/main/asciidoc/inc/goals/build/_goals.adoc
[WARNING] Unknown file extension: C:/dev/fabric8io/fabric8-maven-plugin/doc/src/main/asciidoc/inc/goals/develop/_fabric8-debug.adoc
[WARNING] Unknown file extension: C:/dev/fabric8io/fabric8-maven-plugin/doc/src/main/asciidoc/inc/goals/develop/_fabric8-deploy.adoc
[WARNING] Unknown file extension: C:/dev/fabric8io/fabric8-maven-plugin/doc/src/main/asciidoc/inc/goals/develop/_fabric8-log.adoc
[WARNING] Unknown file extension: C:/dev/fabric8io/fabric8-maven-plugin/doc/src/main/asciidoc/inc/goals/develop/_fabric8-run.adoc
[WARNING] Unknown file extension: C:/dev/fabric8io/fabric8-maven-plugin/doc/src/main/asciidoc/inc/goals/develop/_fabric8-start.adoc
[WARNING] Unknown file extension: C:/dev/fabric8io/fabric8-maven-plugin/doc/src/main/asciidoc/inc/goals/develop/_fabric8-stop.adoc
[WARNING] Unknown file extension: C:/dev/fabric8io/fabric8-maven-plugin/doc/src/main/asciidoc/inc/goals/develop/_fabric8-undeploy.adoc
[WARNING] Unknown file extension: C:/dev/fabric8io/fabric8-maven-plugin/doc/src/main/asciidoc/inc/goals/develop/_fabric8-watch.adoc
[WARNING] Unknown file extension: C:/dev/fabric8io/fabric8-maven-plugin/doc/src/main/asciidoc/inc/goals/develop/_goals.adoc
[WARNING] Unknown file extension: C:/dev/fabric8io/fabric8-maven-plugin/doc/src/main/asciidoc/inc/goals/infra/_fabric8-cluster-start.adoc
[WARNING] Unknown file extension: C:/dev/fabric8io/fabric8-maven-plugin/doc/src/main/asciidoc/inc/goals/infra/_fabric8-cluster-stop.adoc
[WARNING] Unknown file extension: C:/dev/fabric8io/fabric8-maven-plugin/doc/src/main/asciidoc/inc/goals/infra/_fabric8-install.adoc
[WARNING] Unknown file extension: C:/dev/fabric8io/fabric8-maven-plugin/doc/src/main/asciidoc/inc/goals/infra/_fabric8-setup.adoc
[WARNING] Unknown file extension: C:/dev/fabric8io/fabric8-maven-plugin/doc/src/main/asciidoc/inc/goals/infra/_goals.adoc
[WARNING] Unknown file extension: C:/dev/fabric8io/fabric8-maven-plugin/doc/src/main/asciidoc/inc/goals/internal/_fabric8-helm-index.adoc
[WARNING] Unknown file extension: C:/dev/fabric8io/fabric8-maven-plugin/doc/src/main/asciidoc/inc/goals/internal/_fabric8-import.adoc
[WARNING] Unknown file extension: C:/dev/fabric8io/fabric8-maven-plugin/doc/src/main/asciidoc/inc/goals/internal/_fabric8-manifest-index.adoc
[WARNING] Unknown file extension: C:/dev/fabric8io/fabric8-maven-plugin/doc/src/main/asciidoc/inc/goals/internal/_goals.adoc
[WARNING] Unknown file extension: C:/dev/fabric8io/fabric8-maven-plugin/doc/src/main/asciidoc/inc/goals/shortcut/_goals.adoc
[WARNING] Unknown file extension: C:/dev/fabric8io/fabric8-maven-plugin/doc/src/main/asciidoc/inc/goals/_goals.adoc
[WARNING] Unknown file extension: C:/dev/fabric8io/fabric8-maven-plugin/doc/src/main/asciidoc/inc/_access.adoc
[WARNING] Unknown file extension: C:/dev/fabric8io/fabric8-maven-plugin/doc/src/main/asciidoc/inc/_enricher.adoc
[WARNING] Unknown file extension: C:/dev/fabric8io/fabric8-maven-plugin/doc/src/main/asciidoc/inc/_extensions.adoc
[WARNING] Unknown file extension: C:/dev/fabric8io/fabric8-maven-plugin/doc/src/main/asciidoc/inc/_faq.adoc
[WARNING] Unknown file extension: C:/dev/fabric8io/fabric8-maven-plugin/doc/src/main/asciidoc/inc/_generator.adoc
[WARNING] Unknown file extension: C:/dev/fabric8io/fabric8-maven-plugin/doc/src/main/asciidoc/inc/_global_configuration.adoc
[WARNING] Unknown file extension: C:/dev/fabric8io/fabric8-maven-plugin/doc/src/main/asciidoc/inc/_installation.adoc
[WARNING] Unknown file extension: C:/dev/fabric8io/fabric8-maven-plugin/doc/src/main/asciidoc/inc/_introduction.adoc
[WARNING] Unknown file extension: C:/dev/fabric8io/fabric8-maven-plugin/doc/src/main/asciidoc/inc/_migration_2.adoc
[WARNING] Unknown file extension: C:/dev/fabric8io/fabric8-maven-plugin/doc/src/main/asciidoc/inc/_profiles.adoc
[WARNING] Unknown file extension: C:/dev/fabric8io/fabric8-maven-plugin/doc/src/main/asciidoc/index.adoc
[WARNING] Unknown file extension: C:/dev/fabric8io/fabric8-maven-plugin/check.log
[WARNING] Unknown file extension: C:/dev/fabric8io/fabric8-maven-plugin/enricher/fabric8/src/main/resources/META-INF/fabric8/enricher-default
[WARNING] Unknown file extension: C:/dev/fabric8io/fabric8-maven-plugin/enricher/standard/src/main/resources/META-INF/fabric8/enricher-default
[WARNING] Unknown file extension: C:/dev/fabric8io/fabric8-maven-plugin/generator/java-exec/src/main/resources/META-INF/fabric8/generator-default
[WARNING] Unknown file extension: C:/dev/fabric8io/fabric8-maven-plugin/generator/karaf/src/main/resources/META-INF/fabric8/generator-default
[WARNING] Unknown file extension: C:/dev/fabric8io/fabric8-maven-plugin/generator/spring-boot/src/main/resources/META-INF/fabric8/generator-default
[WARNING] Unknown file extension: C:/dev/fabric8io/fabric8-maven-plugin/generator/vertx/src/main/resources/META-INF/fabric8/generator-default
[WARNING] Unknown file extension: C:/dev/fabric8io/fabric8-maven-plugin/generator/webapp/src/main/resources/META-INF/fabric8/generator-default
[WARNING] Unknown file extension: C:/dev/fabric8io/fabric8-maven-plugin/generator/wildfly-swarm/src/main/resources/META-INF/fabric8/generator-default
[WARNING] Unknown file extension: C:/dev/fabric8io/fabric8-maven-plugin/Jenkinsfile
[WARNING] Unknown file extension: C:/dev/fabric8io/fabric8-maven-plugin/rt/README
[WARNING] Unknown file extension: C:/dev/fabric8io/fabric8-maven-plugin/samples/custom-enricher/secret-enricher/src/main/resources/META-INF/fabric8/enricher
[WARNING] Missing header in: C:/dev/fabric8io/fabric8-maven-plugin/samples/javaee8-webprofile-liberty/javaee8-webprofile-liberty-app/pom.xml
[WARNING] Missing header in: C:/dev/fabric8io/fabric8-maven-plugin/samples/javaee8-webprofile-liberty/javaee8-webprofile-liberty-app/src/main/java/io/fabric8/maven/sample/javaee/webprofile/MeetingBookingApplication.java
[WARNING] Unknown file extension: C:/dev/fabric8io/fabric8-maven-plugin/mvnw
[WARNING] Missing header in: C:/dev/fabric8io/fabric8-maven-plugin/samples/javaee8-webprofile-liberty/javaee8-webprofile-liberty-app/src/main/java/io/fabric8/maven/sample/javaee/webprofile/service/MeetingBookingService.java
[WARNING] Missing header in: C:/dev/fabric8io/fabric8-maven-plugin/samples/javaee8-webprofile-liberty/javaee8-webprofile-liberty-app/src/main/java/io/fabric8/maven/sample/javaee/webprofile/servlet/DemoServlet.java
[WARNING] Missing header in: C:/dev/fabric8io/fabric8-maven-plugin/samples/javaee8-webprofile-liberty/javaee8-webprofile-liberty-app/src/main/webapp/WEB-INF/beans.xml
[WARNING] Missing header in: C:/dev/fabric8io/fabric8-maven-plugin/samples/javaee8-webprofile-liberty/javaee8-webprofile-liberty-app/src/main/wlp/bootstrap.properties
[WARNING] Missing header in: C:/dev/fabric8io/fabric8-maven-plugin/samples/javaee8-webprofile-liberty/javaee8-webprofile-liberty-app/src/main/wlp/server.xml
[WARNING] Missing header in: C:/dev/fabric8io/fabric8-maven-plugin/samples/javaee8-webprofile-liberty/javaee8-webprofile-liberty-app-it/pom.xml
[WARNING] Missing header in: C:/dev/fabric8io/fabric8-maven-plugin/samples/javaee8-webprofile-liberty/javaee8-webprofile-liberty-app-it/src/test/java/io/fabric8/maven/sample/javaee/webprofile/integration/test/MeetingBookingServiceIT.java
[WARNING] Missing header in: C:/dev/fabric8io/fabric8-maven-plugin/samples/javaee8-webprofile-liberty/pom.xml
[WARNING] Unknown file extension: C:/dev/fabric8io/fabric8-maven-plugin/samples/webapp/src/main/java/org/simple/webapp/.gitkeep
[WARNING] Unknown file extension: C:/dev/fabric8io/fabric8-maven-plugin/samples/webapp/src/main/resources/.gitkeep
[WARNING] Unknown file extension: C:/dev/fabric8io/fabric8-maven-plugin/samples/webapp-jetty/src/main/java/org/simple/webapp/.gitkeep
[WARNING] Unknown file extension: C:/dev/fabric8io/fabric8-maven-plugin/samples/webapp-jetty/src/main/resources/.gitkeep
[WARNING] Unknown file extension: C:/dev/fabric8io/fabric8-maven-plugin/samples/webapp-wildfly/src/main/java/org/simple/webapp/.gitkeep
[WARNING] Unknown file extension: C:/dev/fabric8io/fabric8-maven-plugin/samples/webapp-wildfly/src/main/resources/.gitkeep
[WARNING] Unknown file extension: C:/dev/fabric8io/fabric8-maven-plugin/velocity.log
[WARNING] Unknown file extension: C:/dev/fabric8io/fabric8-maven-plugin/watcher/standard/src/main/resources/META-INF/fabric8/watcher-default
[INFO] ------------------------------------------------------------------------
[INFO] Reactor Summary:
[INFO] 
[INFO] Fabric8 Maven :: Parent ............................ SUCCESS [  0.781 s]
[INFO] Fabric8 Maven :: Core .............................. SUCCESS [  0.544 s]
[INFO] Fabric8 Maven :: Enricher :: API ................... SUCCESS [  0.110 s]
[INFO] Fabric8 Maven :: Enricher :: Standard .............. SUCCESS [  0.160 s]
[INFO] Fabric8 Maven :: Enricher :: Fabric8 ............... SUCCESS [  0.097 s]
[INFO] Fabric8 Maven :: Generator :: API .................. SUCCESS [  0.082 s]
[INFO] Fabric8 Maven :: Generator :: Java Exec ............ SUCCESS [  0.071 s]
[INFO] Fabric8 Maven :: Generator :: Spring Boot .......... SUCCESS [  0.109 s]
[INFO] Fabric8 Maven :: Generator :: Vert.x ............... SUCCESS [  0.147 s]
[INFO] Fabric8 Maven :: Generator :: Karaf ................ SUCCESS [  0.061 s]
[INFO] Fabric8 Maven :: Generator :: WildFly Swarm ........ SUCCESS [  0.037 s]
[INFO] Fabric8 Maven :: Generator :: WebApp ............... SUCCESS [  0.068 s]
[INFO] Fabric8 Maven :: Watcher :: API .................... SUCCESS [  0.062 s]
[INFO] Fabric8 Maven :: Watcher :: Standard ............... SUCCESS [  0.040 s]
[INFO] Fabric8 Maven :: Plugin ............................ SUCCESS [  0.224 s]
[INFO] Fabric8 Maven :: Integration Tests ................. SUCCESS [  0.182 s]
[INFO] Fabric8 Maven :: Regression Test ................... SUCCESS [  0.053 s]
[INFO] Fabric8 Maven :: Build ............................. FAILURE [  1.761 s]
[INFO] ------------------------------------------------------------------------
[INFO] BUILD FAILURE
[INFO] ------------------------------------------------------------------------
[INFO] Total time: 6.890 s
[INFO] Finished at: 2018-01-12T13:35:21+03:00
[INFO] Final Memory: 36M/463M
[INFO] ------------------------------------------------------------------------
[ERROR] Failed to execute goal com.mycila:license-maven-plugin:2.11:check (default-cli) on project fabric8-maven-plugin-build: Some files do not have the expected license header -> [Help 1]
[ERROR] 
[ERROR] To see the full stack trace of the errors, re-run Maven with the -e switch.
[ERROR] Re-run Maven using the -X switch to enable full debug logging.
[ERROR] 
[ERROR] For more information about the errors and possible solutions, please read the following articles:
[ERROR] [Help 1] http://cwiki.apache.org/confluence/display/MAVEN/MojoExecutionException
[ERROR] 
[ERROR] After correcting the problems, you can resume the build with the command
[ERROR]   mvn <goals> -rf :fabric8-maven-plugin-build
